[2026-06-22 13:54:34] local.ERROR: SQLSTATE[HY000]: General error: 1 all VALUES must have the same number of terms (Connection: sqlite, SQL: insert into "users" ("active", "created_at", "email", "name", "password", "phone", "role", "updated_at", "username") values (1, 2026-06-22 13:54:32, admin@alshifa-hospital.com, مدير النظام, $2y$12$eHUXUsYD14CmXpZQ1MUcIOp7rj8QxoFgcn2mfpi4A9TYGkQDPEl.W, +966 50 123 4567, admin, 2026-06-22 13:54:32, admin), (1, ["أمراض القلب"], 2026-06-22 13:54:32, ahmed.rashed@alshifa-hospital.com, د. أحمد الراشد, $2y$12$Xlz/lFpaajjF4gfh8cqVS.TyabZKLRWE3OwVy/I.fa4KvjoA0n..e, +966 50 111 2222, doctor, 2026-06-22 13:54:32, ahmed.rashed), (1, ["طب الأطفال"], 2026-06-22 13:54:33, sara.mansour@alshifa-hospital.com, د. سارة المنصور, $2y$12$3/VPktCh7TW1/7MtTldboO2bhEuMnNszbebSi0OlhpyK9NLiR/coS, +966 50 222 3333, doctor, 2026-06-22 13:54:33, sara.mansour), (1, ["جراحة المخ والأعصاب"], 2026-06-22 13:54:33, khalid.omari@alshifa-hospital.com, د. خالد العمري, $2y$12$Lkm2BzSRuhQp1jWQyiLkJO.HUazQ6dkS.uBURU73S4370.gmeVBeu, +966 50 333 4444, doctor, 2026-06-22 13:54:33, khalid.omari), (1, ["أمراض القلب","طب الأطفال"], ["د. أحمد الراشد","د. سارة المنصور"], 2026-06-22 13:54:33, fatima@alshifa-hospital.com, فاطمة الزهراء, $2y$12$.jadj8AlXJlUWKuaRqmAle3YiEMwndZlxMToyc6b/6KtO/5rViZke, +966 50 444 5555, nurse, 2026-06-22 13:54:33, nurse.fatima), (1, ["جراحة المخ والأعصاب"], ["د. خالد العمري"], 2026-06-22 13:54:33, mohammed@alshifa-hospital.com, محمد السعيد, $2y$12$/U4YjfahAkhc2yiq1Mp5f.Rl12KAK8WRIvBFGrTxX2LFHVFOEebga, +966 50 555 6666, nurse, 2026-06-22 13:54:33, nurse.mohammed), (1, 2026-06-22 13:54:34, noura@alshifa-hospital.com, نورة القحطاني, $2y$12$dBx/g/HsHHaaQqcoIwOKE.4jrIfaXvbPNQQu1NqJxaMSEWUpJ.Fc2, +966 50 666 7777, reception, 2026-06-22 13:54:34, reception.noura), (1, 2026-06-22 13:54:34, fahad@alshifa-hospital.com, فهد العتيبي, $2y$12$t/neJPsYcql59jb2Vrh/ReY6toWXyAdB.gkQeCp.6VjGi3k4RPlhS, +966 50 777 8888, accountant, 2026-06-22 13:54:34, accountant.fahad)) {"exception":"[object] (Illuminate\\Database\\QueryException(code: HY000): SQLSTATE[HY000]: General error: 1 all VALUES must have the same number of terms (Connection: sqlite, SQL: insert into \"users\" (\"active\", \"created_at\", \"email\", \"name\", \"password\", \"phone\", \"role\", \"updated_at\", \"username\") values (1, 2026-06-22 13:54:32, admin@alshifa-hospital.com, مدير النظام, $2y$12$eHUXUsYD14CmXpZQ1MUcIOp7rj8QxoFgcn2mfpi4A9TYGkQDPEl.W, +966 50 123 4567, admin, 2026-06-22 13:54:32, admin), (1, [\"أمراض القلب\"], 2026-06-22 13:54:32, ahmed.rashed@alshifa-hospital.com, د. أحمد الراشد, $2y$12$Xlz/lFpaajjF4gfh8cqVS.TyabZKLRWE3OwVy/I.fa4KvjoA0n..e, +966 50 111 2222, doctor, 2026-06-22 13:54:32, ahmed.rashed), (1, [\"طب الأطفال\"], 2026-06-22 13:54:33, sara.mansour@alshifa-hospital.com, د. سارة المنصور, $2y$12$3/VPktCh7TW1/7MtTldboO2bhEuMnNszbebSi0OlhpyK9NLiR/coS, +966 50 222 3333, doctor, 2026-06-22 13:54:33, sara.mansour), (1, [\"جراحة المخ والأعصاب\"], 2026-06-22 13:54:33, khalid.omari@alshifa-hospital.com, د. خالد العمري, $2y$12$Lkm2BzSRuhQp1jWQyiLkJO.HUazQ6dkS.uBURU73S4370.gmeVBeu, +966 50 333 4444, doctor, 2026-06-22 13:54:33, khalid.omari), (1, [\"أمراض القلب\",\"طب الأطفال\"], [\"د. أحمد الراشد\",\"د. سارة المنصور\"], 2026-06-22 13:54:33, fatima@alshifa-hospital.com, فاطمة الزهراء, $2y$12$.jadj8AlXJlUWKuaRqmAle3YiEMwndZlxMToyc6b/6KtO/5rViZke, +966 50 444 5555, nurse, 2026-06-22 13:54:33, nurse.fatima), (1, [\"جراحة المخ والأعصاب\"], [\"د. خالد العمري\"], 2026-06-22 13:54:33, mohammed@alshifa-hospital.com, محمد السعيد, $2y$12$/U4YjfahAkhc2yiq1Mp5f.Rl12KAK8WRIvBFGrTxX2LFHVFOEebga, +966 50 555 6666, nurse, 2026-06-22 13:54:33, nurse.mohammed), (1, 2026-06-22 13:54:34, noura@alshifa-hospital.com, نورة القحطاني, $2y$12$dBx/g/HsHHaaQqcoIwOKE.4jrIfaXvbPNQQu1NqJxaMSEWUpJ.Fc2, +966 50 666 7777, reception, 2026-06-22 13:54:34, reception.noura), (1, 2026-06-22 13:54:34, fahad@alshifa-hospital.com, فهد العتيبي, $2y$12$t/neJPsYcql59jb2Vrh/ReY6toWXyAdB.gkQeCp.6VjGi3k4RPlhS, +966 50 777 8888, accountant, 2026-06-22 13:54:34, accountant.fahad)) at D:/laravel-hospital-website-development/hospital-backend/vendor/laravel/framework/src/Illuminate/Database/Connection.php:825)
[stacktrace]
#0 D:/laravel-hospital-website-development/hospital-backend/vendor/laravel/framework/src/Illuminate/Database/Connection.php(779): Illuminate/Database/Connection->runQueryCallback('insert into \"us...', Array, Object(Closure))
#1 D:/laravel-hospital-website-development/hospital-backend/vendor/laravel/framework/src/Illuminate/Database/Connection.php(560): Illuminate/Database/Connection->run('insert into \"us...', Array, Object(Closure))
#2 D:/laravel-hospital-website-development/hospital-backend/vendor/laravel/framework/src/Illuminate/Database/Connection.php(524): Illuminate/Database/Connection->statement('insert into \"us...', Array)
#3 D:/laravel-hospital-website-development/hospital-backend/vendor/laravel/framework/src/Illuminate/Database/Query/Builder.php(3717): Illuminate/Database/Connection->insert('insert into \"us...', Array)
#4 D:/laravel-hospital-website-development/hospital-backend/database/seeders/DatabaseSeeder.php(14): Illuminate/Database/Query/Builder->insert(Array)
#5 D:/laravel-hospital-website-development/hospital-backend/vendor/laravel/framework/src/Illuminate/Container/BoundMethod.php(36): Database/Seeders/DatabaseSeeder->run()
#6 D:/laravel-hospital-website-development/hospital-backend/vendor/laravel/framework/src/Illuminate/Container/Util.php(43): Illuminate/Container/BoundMethod::Illuminate/Container/{closure}()
#7 D:/laravel-hospital-website-development/hospital-backend/vendor/laravel/framework/src/Illuminate/Container/BoundMethod.php(95): Illuminate/Container/Util::unwrapIfClosure(Object(Closure))
#8 D:/laravel-hospital-website-development/hospital-backend/vendor/laravel/framework/src/Illuminate/Container/BoundMethod.php(35): Illuminate/Container/BoundMethod::callBoundMethod(Object(Illuminate/Foundation/Application), Array, Object(Closure))
#9 D:/laravel-hospital-website-development/hospital-backend/vendor/laravel/framework/src/Illuminate/Container/Container.php(696): Illuminate/Container/BoundMethod::call(Object(Illuminate/Foundation/Application), Array, Array, NULL)
#10 D:/laravel-hospital-website-development/hospital-backend/vendor/laravel/framework/src/Illuminate/Database/Seeder.php(188): Illuminate/Container/Container->call(Array, Array)
#11 D:/laravel-hospital-website-development/hospital-backend/vendor/laravel/framework/src/Illuminate/Database/Seeder.php(197): Illuminate/Database/Seeder->Illuminate/Database/{closure}()
#12 D:/laravel-hospital-website-development/hospital-backend/vendor/laravel/framework/src/Illuminate/Database/Console/Seeds/SeedCommand.php(70): Illuminate/Database/Seeder->__invoke()
#13 D:/laravel-hospital-website-development/hospital-backend/vendor/laravel/framework/src/Illuminate/Database/Eloquent/Concerns/GuardsAttributes.php(155): Illuminate/Database/Console/Seeds/SeedCommand->Illuminate/Database/Console/Seeds/{closure}()
#14 D:/laravel-hospital-website-development/hospital-backend/vendor/laravel/framework/src/Illuminate/Database/Console/Seeds/SeedCommand.php(69): Illuminate/Database/Eloquent/Model::unguarded(Object(Closure))
#15 D:/laravel-hospital-website-development/hospital-backend/vendor/laravel/framework/src/Illuminate/Container/BoundMethod.php(36): Illuminate/Database/Console/Seeds/SeedCommand->handle()
#16 D:/laravel-hospital-website-development/hospital-backend/vendor/laravel/framework/src/Illuminate/Container/Util.php(43): Illuminate/Container/BoundMethod::Illuminate/Container/{closure}()
#17 D:/laravel-hospital-website-development/hospital-backend/vendor/laravel/framework/src/Illuminate/Container/BoundMethod.php(95): Illuminate/Container/Util::unwrapIfClosure(Object(Closure))
#18 D:/laravel-hospital-website-development/hospital-backend/vendor/laravel/framework/src/Illuminate/Container/BoundMethod.php(35): Illuminate/Container/BoundMethod::callBoundMethod(Object(Illuminate/Foundation/Application), Array, Object(Closure))
#19 D:/laravel-hospital-website-development/hospital-backend/vendor/laravel/framework/src/Illuminate/Container/Container.php(696): Illuminate/Container/BoundMethod::call(Object(Illuminate/Foundation/Application), Array, Array, NULL)
#20 D:/laravel-hospital-website-development/hospital-backend/vendor/laravel/framework/src/Illuminate/Console/Command.php(213): Illuminate/Container/Container->call(Array)
#21 D:/laravel-hospital-website-development/hospital-backend/vendor/symfony/console/Command/Command.php(341): Illuminate/Console/Command->execute(Object(Symfony/Component/Console/Input/ArrayInput), Object(Illuminate/Console/OutputStyle))
#22 D:/laravel-hospital-website-development/hospital-backend/vendor/laravel/framework/src/Illuminate/Console/Command.php(182): Symfony/Component/Console/Command/Command->run(Object(Symfony/Component/Console/Input/ArrayInput), Object(Illuminate/Console/OutputStyle))
#23 D:/laravel-hospital-website-development/hospital-backend/vendor/laravel/framework/src/Illuminate/Console/Concerns/CallsCommands.php(68): Illuminate/Console/Command->run(Object(Symfony/Component/Console/Input/ArrayInput), Object(Illuminate/Console/OutputStyle))
#24 D:/laravel-hospital-website-development/hospital-backend/vendor/laravel/framework/src/Illuminate/Console/Concerns/CallsCommands.php(29): Illuminate/Console/Command->runCommand('db:seed', Array, Object(Illuminate/Console/OutputStyle))
#25 D:/laravel-hospital-website-development/hospital-backend/vendor/laravel/framework/src/Illuminate/Database/Console/Migrations/MigrateCommand.php(126): Illuminate/Console/Command->call('db:seed', Array)
#26 D:/laravel-hospital-website-development/hospital-backend/vendor/laravel/framework/src/Illuminate/Database/Migrations/Migrator.php(658): Illuminate/Database/Console/Migrations/MigrateCommand->Illuminate/Database/Console/Migrations/{closure}()
#27 D:/laravel-hospital-website-development/hospital-backend/vendor/laravel/framework/src/Illuminate/Database/Console/Migrations/MigrateCommand.php(110): Illuminate/Database/Migrations/Migrator->usingConnection(NULL, Object(Closure))
#28 D:/laravel-hospital-website-development/hospital-backend/vendor/laravel/framework/src/Illuminate/Database/Console/Migrations/MigrateCommand.php(89): Illuminate/Database/Console/Migrations/MigrateCommand->runMigrations()
#29 D:/laravel-hospital-website-development/hospital-backend/vendor/laravel/framework/src/Illuminate/Container/BoundMethod.php(36): Illuminate/Database/Console/Migrations/MigrateCommand->handle()
#30 D:/laravel-hospital-website-development/hospital-backend/vendor/laravel/framework/src/Illuminate/Container/Util.php(43): Illuminate/Container/BoundMethod::Illuminate/Container/{closure}()
#31 D:/laravel-hospital-website-development/hospital-backend/vendor/laravel/framework/src/Illuminate/Container/BoundMethod.php(95): Illuminate/Container/Util::unwrapIfClosure(Object(Closure))
#32 D:/laravel-hospital-website-development/hospital-backend/vendor/laravel/framework/src/Illuminate/Container/BoundMethod.php(35): Illuminate/Container/BoundMethod::callBoundMethod(Object(Illuminate/Foundation/Application), Array, Object(Closure))
#33 D:/laravel-hospital-website-development/hospital-backend/vendor/laravel/framework/src/Illuminate/Container/Container.php(696): Illuminate/Container/BoundMethod::call(Object(Illuminate/Foundation/Application), Array, Array, NULL)
#34 D:/laravel-hospital-website-development/hospital-backend/vendor/laravel/framework/src/Illuminate/Console/Command.php(213): Illuminate/Container/Container->call(Array)
#35 D:/laravel-hospital-website-development/hospital-backend/vendor/symfony/console/Command/Command.php(341): Illuminate/Console/Command->execute(Object(Symfony/Component/Console/Input/ArgvInput), Object(Illuminate/Console/OutputStyle))
#36 D:/laravel-hospital-website-development/hospital-backend/vendor/laravel/framework/src/Illuminate/Console/Command.php(182): Symfony/Component/Console/Command/Command->run(Object(Symfony/Component/Console/Input/ArgvInput), Object(Illuminate/Console/OutputStyle))
#37 D:/laravel-hospital-website-development/hospital-backend/vendor/symfony/console/Application.php(1117): Illuminate/Console/Command->run(Object(Symfony/Component/Console/Input/ArgvInput), Object(Symfony/Component/Console/Output/ConsoleOutput))
#38 D:/laravel-hospital-website-development/hospital-backend/vendor/symfony/console/Application.php(356): Symfony/Component/Console/Application->doRunCommand(Object(Illuminate/Database/Console/Migrations/MigrateCommand), Object(Symfony/Component/Console/Input/ArgvInput), Object(Symfony/Component/Console/Output/ConsoleOutput))
#39 D:/laravel-hospital-website-development/hospital-backend/vendor/symfony/console/Application.php(195): Symfony/Component/Console/Application->doRun(Object(Symfony/Component/Console/Input/ArgvInput), Object(Symfony/Component/Console/Output/ConsoleOutput))
#40 D:/laravel-hospital-website-development/hospital-backend/vendor/laravel/framework/src/Illuminate/Foundation/Console/Kernel.php(198): Symfony/Component/Console/Application->run(Object(Symfony/Component/Console/Input/ArgvInput), Object(Symfony/Component/Console/Output/ConsoleOutput))
#41 D:/laravel-hospital-website-development/hospital-backend/artisan(12): Illuminate/Foundation/Console/Kernel->handle(Object(Symfony/Component/Console/Input/ArgvInput), Object(Symfony/Component/Console/Output/ConsoleOutput))
#42 {main}

[previous exception] [object] (PDOException(code: HY000): SQLSTATE[HY000]: General error: 1 all VALUES must have the same number of terms at D:/laravel-hospital-website-development/hospital-backend/vendor/laravel/framework/src/Illuminate/Database/Connection.php:565)
[stacktrace]
#0 D:/laravel-hospital-website-development/hospital-backend/vendor/laravel/framework/src/Illuminate/Database/Connection.php(565): PDO->prepare('insert into \"us...')
#1 D:/laravel-hospital-website-development/hospital-backend/vendor/laravel/framework/src/Illuminate/Database/Connection.php(812): Illuminate/Database/Connection->Illuminate/Database/{closure}('insert into \"us...', Array)
#2 D:/laravel-hospital-website-development/hospital-backend/vendor/laravel/framework/src/Illuminate/Database/Connection.php(779): Illuminate/Database/Connection->runQueryCallback('insert into \"us...', Array, Object(Closure))
#3 D:/laravel-hospital-website-development/hospital-backend/vendor/laravel/framework/src/Illuminate/Database/Connection.php(560): Illuminate/Database/Connection->run('insert into \"us...', Array, Object(Closure))
#4 D:/laravel-hospital-website-development/hospital-backend/vendor/laravel/framework/src/Illuminate/Database/Connection.php(524): Illuminate/Database/Connection->statement('insert into \"us...', Array)
#5 D:/laravel-hospital-website-development/hospital-backend/vendor/laravel/framework/src/Illuminate/Database/Query/Builder.php(3717): Illuminate/Database/Connection->insert('insert into \"us...', Array)
#6 D:/laravel-hospital-website-development/hospital-backend/database/seeders/DatabaseSeeder.php(14): Illuminate/Database/Query/Builder->insert(Array)
#7 D:/laravel-hospital-website-development/hospital-backend/vendor/laravel/framework/src/Illuminate/Container/BoundMethod.php(36): Database/Seeders/DatabaseSeeder->run()
#8 D:/laravel-hospital-website-development/hospital-backend/vendor/laravel/framework/src/Illuminate/Container/Util.php(43): Illuminate/Container/BoundMethod::Illuminate/Container/{closure}()
#9 D:/laravel-hospital-website-development/hospital-backend/vendor/laravel/framework/src/Illuminate/Container/BoundMethod.php(95): Illuminate/Container/Util::unwrapIfClosure(Object(Closure))
#10 D:/laravel-hospital-website-development/hospital-backend/vendor/laravel/framework/src/Illuminate/Container/BoundMethod.php(35): Illuminate/Container/BoundMethod::callBoundMethod(Object(Illuminate/Foundation/Application), Array, Object(Closure))
#11 D:/laravel-hospital-website-development/hospital-backend/vendor/laravel/framework/src/Illuminate/Container/Container.php(696): Illuminate/Container/BoundMethod::call(Object(Illuminate/Foundation/Application), Array, Array, NULL)
#12 D:/laravel-hospital-website-development/hospital-backend/vendor/laravel/framework/src/Illuminate/Database/Seeder.php(188): Illuminate/Container/Container->call(Array, Array)
#13 D:/laravel-hospital-website-development/hospital-backend/vendor/laravel/framework/src/Illuminate/Database/Seeder.php(197): Illuminate/Database/Seeder->Illuminate/Database/{closure}()
#14 D:/laravel-hospital-website-development/hospital-backend/vendor/laravel/framework/src/Illuminate/Database/Console/Seeds/SeedCommand.php(70): Illuminate/Database/Seeder->__invoke()
#15 D:/laravel-hospital-website-development/hospital-backend/vendor/laravel/framework/src/Illuminate/Database/Eloquent/Concerns/GuardsAttributes.php(155): Illuminate/Database/Console/Seeds/SeedCommand->Illuminate/Database/Console/Seeds/{closure}()
#16 D:/laravel-hospital-website-development/hospital-backend/vendor/laravel/framework/src/Illuminate/Database/Console/Seeds/SeedCommand.php(69): Illuminate/Database/Eloquent/Model::unguarded(Object(Closure))
#17 D:/laravel-hospital-website-development/hospital-backend/vendor/laravel/framework/src/Illuminate/Container/BoundMethod.php(36): Illuminate/Database/Console/Seeds/SeedCommand->handle()
#18 D:/laravel-hospital-website-development/hospital-backend/vendor/laravel/framework/src/Illuminate/Container/Util.php(43): Illuminate/Container/BoundMethod::Illuminate/Container/{closure}()
#19 D:/laravel-hospital-website-development/hospital-backend/vendor/laravel/framework/src/Illuminate/Container/BoundMethod.php(95): Illuminate/Container/Util::unwrapIfClosure(Object(Closure))
#20 D:/laravel-hospital-website-development/hospital-backend/vendor/laravel/framework/src/Illuminate/Container/BoundMethod.php(35): Illuminate/Container/BoundMethod::callBoundMethod(Object(Illuminate/Foundation/Application), Array, Object(Closure))
#21 D:/laravel-hospital-website-development/hospital-backend/vendor/laravel/framework/src/Illuminate/Container/Container.php(696): Illuminate/Container/BoundMethod::call(Object(Illuminate/Foundation/Application), Array, Array, NULL)
#22 D:/laravel-hospital-website-development/hospital-backend/vendor/laravel/framework/src/Illuminate/Console/Command.php(213): Illuminate/Container/Container->call(Array)
#23 D:/laravel-hospital-website-development/hospital-backend/vendor/symfony/console/Command/Command.php(341): Illuminate/Console/Command->execute(Object(Symfony/Component/Console/Input/ArrayInput), Object(Illuminate/Console/OutputStyle))
#24 D:/laravel-hospital-website-development/hospital-backend/vendor/laravel/framework/src/Illuminate/Console/Command.php(182): Symfony/Component/Console/Command/Command->run(Object(Symfony/Component/Console/Input/ArrayInput), Object(Illuminate/Console/OutputStyle))
#25 D:/laravel-hospital-website-development/hospital-backend/vendor/laravel/framework/src/Illuminate/Console/Concerns/CallsCommands.php(68): Illuminate/Console/Command->run(Object(Symfony/Component/Console/Input/ArrayInput), Object(Illuminate/Console/OutputStyle))
#26 D:/laravel-hospital-website-development/hospital-backend/vendor/laravel/framework/src/Illuminate/Console/Concerns/CallsCommands.php(29): Illuminate/Console/Command->runCommand('db:seed', Array, Object(Illuminate/Console/OutputStyle))
#27 D:/laravel-hospital-website-development/hospital-backend/vendor/laravel/framework/src/Illuminate/Database/Console/Migrations/MigrateCommand.php(126): Illuminate/Console/Command->call('db:seed', Array)
#28 D:/laravel-hospital-website-development/hospital-backend/vendor/laravel/framework/src/Illuminate/Database/Migrations/Migrator.php(658): Illuminate/Database/Console/Migrations/MigrateCommand->Illuminate/Database/Console/Migrations/{closure}()
#29 D:/laravel-hospital-website-development/hospital-backend/vendor/laravel/framework/src/Illuminate/Database/Console/Migrations/MigrateCommand.php(110): Illuminate/Database/Migrations/Migrator->usingConnection(NULL, Object(Closure))
#30 D:/laravel-hospital-website-development/hospital-backend/vendor/laravel/framework/src/Illuminate/Database/Console/Migrations/MigrateCommand.php(89): Illuminate/Database/Console/Migrations/MigrateCommand->runMigrations()
#31 D:/laravel-hospital-website-development/hospital-backend/vendor/laravel/framework/src/Illuminate/Container/BoundMethod.php(36): Illuminate/Database/Console/Migrations/MigrateCommand->handle()
#32 D:/laravel-hospital-website-development/hospital-backend/vendor/laravel/framework/src/Illuminate/Container/Util.php(43): Illuminate/Container/BoundMethod::Illuminate/Container/{closure}()
#33 D:/laravel-hospital-website-development/hospital-backend/vendor/laravel/framework/src/Illuminate/Container/BoundMethod.php(95): Illuminate/Container/Util::unwrapIfClosure(Object(Closure))
#34 D:/laravel-hospital-website-development/hospital-backend/vendor/laravel/framework/src/Illuminate/Container/BoundMethod.php(35): Illuminate/Container/BoundMethod::callBoundMethod(Object(Illuminate/Foundation/Application), Array, Object(Closure))
#35 D:/laravel-hospital-website-development/hospital-backend/vendor/laravel/framework/src/Illuminate/Container/Container.php(696): Illuminate/Container/BoundMethod::call(Object(Illuminate/Foundation/Application), Array, Array, NULL)
#36 D:/laravel-hospital-website-development/hospital-backend/vendor/laravel/framework/src/Illuminate/Console/Command.php(213): Illuminate/Container/Container->call(Array)
#37 D:/laravel-hospital-website-development/hospital-backend/vendor/symfony/console/Command/Command.php(341): Illuminate/Console/Command->execute(Object(Symfony/Component/Console/Input/ArgvInput), Object(Illuminate/Console/OutputStyle))
#38 D:/laravel-hospital-website-development/hospital-backend/vendor/laravel/framework/src/Illuminate/Console/Command.php(182): Symfony/Component/Console/Command/Command->run(Object(Symfony/Component/Console/Input/ArgvInput), Object(Illuminate/Console/OutputStyle))
#39 D:/laravel-hospital-website-development/hospital-backend/vendor/symfony/console/Application.php(1117): Illuminate/Console/Command->run(Object(Symfony/Component/Console/Input/ArgvInput), Object(Symfony/Component/Console/Output/ConsoleOutput))
#40 D:/laravel-hospital-website-development/hospital-backend/vendor/symfony/console/Application.php(356): Symfony/Component/Console/Application->doRunCommand(Object(Illuminate/Database/Console/Migrations/MigrateCommand), Object(Symfony/Component/Console/Input/ArgvInput), Object(Symfony/Component/Console/Output/ConsoleOutput))
#41 D:/laravel-hospital-website-development/hospital-backend/vendor/symfony/console/Application.php(195): Symfony/Component/Console/Application->doRun(Object(Symfony/Component/Console/Input/ArgvInput), Object(Symfony/Component/Console/Output/ConsoleOutput))
#42 D:/laravel-hospital-website-development/hospital-backend/vendor/laravel/framework/src/Illuminate/Foundation/Console/Kernel.php(198): Symfony/Component/Console/Application->run(Object(Symfony/Component/Console/Input/ArgvInput), Object(Symfony/Component/Console/Output/ConsoleOutput))
#43 D:/laravel-hospital-website-development/hospital-backend/artisan(12): Illuminate/Foundation/Console/Kernel->handle(Object(Symfony/Component/Console/Input/ArgvInput), Object(Symfony/Component/Console/Output/ConsoleOutput))
#44 {main}
"} 
